[INFO] Scanning for projects...
[INFO] 
[INFO] -----------------------< com.example:FireHorse >------------------------
[INFO] Building FireHorse 0.0.1-SNAPSHOT
[INFO]   from pom.xml
[INFO] --------------------------------[ jar ]---------------------------------
[INFO] 
[INFO] >>> spring-boot:3.4.1:run (default-cli) > test-compile @ FireHorse >>>
[INFO] 
[INFO] --- resources:3.3.1:resources (default-resources) @ FireHorse ---
[INFO] Copying 1 resource from src\main\resources to target\classes
[INFO] Copying 0 resource from src\main\resources to target\classes
[INFO] 
[INFO] --- compiler:3.13.0:compile (default-compile) @ FireHorse ---
[INFO] Recompiling the module because of added or removed source files.
[INFO] Compiling 19 source files with javac [debug parameters release 17] to target\classes
[INFO] 
[INFO] --- resources:3.3.1:testResources (default-testResources) @ FireHorse ---
[INFO] skip non existing resourceDirectory C:\Users\king\Desktop\FIRE-H~1\coding\backend\FireHorse\src\test\resources
[INFO] 
[INFO] --- compiler:3.13.0:testCompile (default-testCompile) @ FireHorse ---
[INFO] Recompiling the module because of changed dependency.
[INFO] Compiling 2 source files with javac [debug parameters release 17] to target\test-classes
[INFO] 
[INFO] <<< spring-boot:3.4.1:run (default-cli) < test-compile @ FireHorse <<<
[INFO] 
[INFO] 
[INFO] --- spring-boot:3.4.1:run (default-cli) @ FireHorse ---
[INFO] Attaching agents: []
Error: A JNI error has occurred, please check your installation and try again
Exception in thread "main" java.lang.IllegalArgumentException: Error decoding percent encoded characters
	at java.base/sun.net.www.ParseUtil.decode(ParseUtil.java:221)
	at java.base/jdk.internal.loader.URLClassPath$FileLoader.<init>(URLClassPath.java:1068)
	at java.base/jdk.internal.loader.URLClassPath$3.run(URLClassPath.java:485)
	at java.base/jdk.internal.loader.URLClassPath$3.run(URLClassPath.java:479)
	at java.base/java.security.AccessController.doPrivileged(AccessController.java:714)
	at java.base/jdk.internal.loader.URLClassPath.getLoader(URLClassPath.java:478)
	at java.base/jdk.internal.loader.URLClassPath.getLoader(URLClassPath.java:446)
	at java.base/jdk.internal.loader.URLClassPath.getResource(URLClassPath.java:315)
	at java.base/jdk.internal.loader.BuiltinClassLoader.findClassOnClassPathOrNull(BuiltinClassLoader.java:757)
	at java.base/jdk.internal.loader.BuiltinClassLoader.loadClassOrNull(BuiltinClassLoader.java:681)
	at java.base/jdk.internal.loader.BuiltinClassLoader.loadClass(BuiltinClassLoader.java:639)
	at java.base/jdk.internal.loader.ClassLoaders$AppClassLoader.loadClass(ClassLoaders.java:188)
	at java.base/java.lang.ClassLoader.loadClass(ClassLoader.java:526)
	at java.base/java.lang.Class.forName0(Native Method)
	at java.base/java.lang.Class.forName(Class.java:534)
	at java.base/java.lang.Class.forName(Class.java:513)
	at java.base/sun.launcher.LauncherHelper.loadMainClass(LauncherHelper.java:811)
	at java.base/sun.launcher.LauncherHelper.checkAndLoadMain(LauncherHelper.java:706)
[INFO] ------------------------------------------------------------------------
[INFO] BUILD FAILURE
[INFO] ------------------------------------------------------------------------
[INFO] Total time:  14.688 s
[INFO] Finished at: 2026-02-26T19:26:56+05:30
[INFO] ------------------------------------------------------------------------
[ERROR] Failed to execute goal org.springframework.boot:spring-boot-maven-plugin:3.4.1:run (default-cli) on project FireHorse: Process terminated with exit code: 1 -> [Help 1]
[ERROR] 
[ERROR] To see the full stack trace of the errors, re-run Maven with the -e switch.
[ERROR] Re-run Maven using the -X switch to enable full debug logging.
[ERROR] 
[ERROR] For more information about the errors and possible solutions, please read the following articles:
[ERROR] [Help 1] http://cwiki.apache.org/confluence/display/MAVEN/MojoExecutionException
